Z:\BOULOT\VISION\PROJET ARUCO 2\PROJET ARUCO 2\DEBUG\ARUCO-OPENGL.OBJ
Z:\BOULOT\VISION\PROJET ARUCO 2\PROJET ARUCO 2\DEBUG\MAIN.OBJ
Z:\BOULOT\VISION\PROJET ARUCO 2\PROJET ARUCO 2\DEBUG\VC110.PDB
Z:\Boulot\Vision\projet aruco 2\projet aruco 2\Debug\ArUco-OpenGL.obj
Z:\Boulot\Vision\projet aruco 2\projet aruco 2\Debug\main.obj
Z:\Boulot\Vision\projet aruco 2\projet aruco 2\Debug\cl.command.1.tlog
Z:\Boulot\Vision\projet aruco 2\projet aruco 2\Debug\CL.read.1.tlog
Z:\Boulot\Vision\projet aruco 2\projet aruco 2\Debug\CL.write.1.tlog
Z:\Boulot\Vision\projet aruco 2\projet aruco 2\Debug\link-cvtres.read.1.tlog
Z:\Boulot\Vision\projet aruco 2\projet aruco 2\Debug\link-cvtres.write.1.tlog
Z:\Boulot\Vision\projet aruco 2\projet aruco 2\Debug\link-rc.read.1.tlog
Z:\Boulot\Vision\projet aruco 2\projet aruco 2\Debug\link-rc.write.1.tlog
Z:\Boulot\Vision\projet aruco 2\projet aruco 2\Debug\link.3588-cvtres.read.1.tlog
Z:\Boulot\Vision\projet aruco 2\projet aruco 2\Debug\link.3588-cvtres.write.1.tlog
Z:\Boulot\Vision\projet aruco 2\projet aruco 2\Debug\link.3588-rc.read.1.tlog
Z:\Boulot\Vision\projet aruco 2\projet aruco 2\Debug\link.3588-rc.write.1.tlog
Z:\Boulot\Vision\projet aruco 2\projet aruco 2\Debug\link.3588.read.1.tlog
Z:\Boulot\Vision\projet aruco 2\projet aruco 2\Debug\link.3588.read.2.tlog
Z:\Boulot\Vision\projet aruco 2\projet aruco 2\Debug\link.3588.write.1.tlog
Z:\Boulot\Vision\projet aruco 2\projet aruco 2\Debug\link.5344-cvtres.read.1.tlog
Z:\Boulot\Vision\projet aruco 2\projet aruco 2\Debug\link.5344-cvtres.write.1.tlog
Z:\Boulot\Vision\projet aruco 2\projet aruco 2\Debug\link.5344-rc.read.1.tlog
Z:\Boulot\Vision\projet aruco 2\projet aruco 2\Debug\link.5344-rc.write.1.tlog
Z:\Boulot\Vision\projet aruco 2\projet aruco 2\Debug\link.5344.read.1.tlog
Z:\Boulot\Vision\projet aruco 2\projet aruco 2\Debug\link.5344.read.2.tlog
Z:\Boulot\Vision\projet aruco 2\projet aruco 2\Debug\link.5344.write.1.tlog
Z:\Boulot\Vision\projet aruco 2\projet aruco 2\Debug\link.8176-cvtres.read.1.tlog
Z:\Boulot\Vision\projet aruco 2\projet aruco 2\Debug\link.8176-cvtres.write.1.tlog
Z:\Boulot\Vision\projet aruco 2\projet aruco 2\Debug\link.8176-rc.read.1.tlog
Z:\Boulot\Vision\projet aruco 2\projet aruco 2\Debug\link.8176-rc.write.1.tlog
Z:\Boulot\Vision\projet aruco 2\projet aruco 2\Debug\link.8176.read.1.tlog
Z:\Boulot\Vision\projet aruco 2\projet aruco 2\Debug\link.8176.write.1.tlog
Z:\Boulot\Vision\projet aruco 2\projet aruco 2\Debug\link.8892-cvtres.read.1.tlog
Z:\Boulot\Vision\projet aruco 2\projet aruco 2\Debug\link.8892-cvtres.write.1.tlog
Z:\Boulot\Vision\projet aruco 2\projet aruco 2\Debug\link.8892-rc.read.1.tlog
Z:\Boulot\Vision\projet aruco 2\projet aruco 2\Debug\link.8892-rc.write.1.tlog
Z:\Boulot\Vision\projet aruco 2\projet aruco 2\Debug\link.8892.read.1.tlog
Z:\Boulot\Vision\projet aruco 2\projet aruco 2\Debug\link.8892.read.2.tlog
Z:\Boulot\Vision\projet aruco 2\projet aruco 2\Debug\link.8892.write.1.tlog
Z:\Boulot\Vision\projet aruco 2\projet aruco 2\Debug\link.command.1.tlog
Z:\Boulot\Vision\projet aruco 2\projet aruco 2\Debug\link.read.1.tlog
Z:\Boulot\Vision\projet aruco 2\projet aruco 2\Debug\link.read.2.tlog
Z:\Boulot\Vision\projet aruco 2\projet aruco 2\Debug\link.write.1.tlog
Z:\Boulot\Vision\projet aruco 2\projet aruco 2\Debug\vc110.idb
Z:\Boulot\Vision\projet aruco 2\projet aruco 2\Debug\vc110.pdb
Z:\Boulot\Vision\projet aruco 2\Debug\projet aruco 2.pdb
