La génération a démarré 12/01/2018 17:54:33.
     1>Projet "Z:\Boulot\Vision\projet aruco 2\projet aruco 2\projet aruco 2.vcxproj" sur le nœud 2 (Build cible(s)).
     1>ClCompile:
         C:\Program Files (x86)\Microsoft Visual Studio 11.0\VC\bin\CL.exe /c /IC:\Dev\OpenCV\include /IC:\Dev\ArUco\include\aruco /IC:\Dev\OpenCV\include /ZI /nologo /W3 /WX- /Od /Oy- /D WIN32 /D _DEBUG /D _CONSOLE /D _UNICODE /D UNICODE /Gm /EHsc /RTC1 /MDd /GS /fp:precise /Zc:wchar_t /Zc:forScope /Fo"Debug\\" /Fd"Debug\vc110.pdb" /Gd /TP /analyze- /errorReport:prompt "..\..\projet aruco\arucoMinimal\main.cpp"
         main.cpp
     1>c:\dev\aruco\include\aruco\cameraparameters.h(55): warning C4290: Spécification d'exception C++ ignorée sauf pour indiquer qu'une fonction n'est pas __declspec(nothrow)
     1>c:\dev\aruco\include\aruco\cameraparameters.h(61): warning C4290: Spécification d'exception C++ ignorée sauf pour indiquer qu'une fonction n'est pas __declspec(nothrow)
     1>c:\dev\aruco\include\aruco\cameraparameters.h(76): warning C4290: Spécification d'exception C++ ignorée sauf pour indiquer qu'une fonction n'est pas __declspec(nothrow)
     1>c:\dev\aruco\include\aruco\cameraparameters.h(79): warning C4290: Spécification d'exception C++ ignorée sauf pour indiquer qu'une fonction n'est pas __declspec(nothrow)
     1>c:\dev\aruco\include\aruco\cameraparameters.h(83): warning C4290: Spécification d'exception C++ ignorée sauf pour indiquer qu'une fonction n'est pas __declspec(nothrow)
     1>c:\dev\aruco\include\aruco\cameraparameters.h(87): warning C4290: Spécification d'exception C++ ignorée sauf pour indiquer qu'une fonction n'est pas __declspec(nothrow)
     1>c:\dev\aruco\include\aruco\cameraparameters.h(105): warning C4290: Spécification d'exception C++ ignorée sauf pour indiquer qu'une fonction n'est pas __declspec(nothrow)
     1>c:\dev\aruco\include\aruco\cameraparameters.h(118): warning C4290: Spécification d'exception C++ ignorée sauf pour indiquer qu'une fonction n'est pas __declspec(nothrow)
     1>c:\dev\aruco\include\aruco\cameraparameters.h(128): warning C4290: Spécification d'exception C++ ignorée sauf pour indiquer qu'une fonction n'est pas __declspec(nothrow)
     1>c:\dev\aruco\include\aruco\cameraparameters.h(129): warning C4290: Spécification d'exception C++ ignorée sauf pour indiquer qu'une fonction n'est pas __declspec(nothrow)
     1>c:\dev\aruco\include\aruco\marker.h(75): warning C4290: Spécification d'exception C++ ignorée sauf pour indiquer qu'une fonction n'est pas __declspec(nothrow)
     1>c:\dev\aruco\include\aruco\marker.h(82): warning C4290: Spécification d'exception C++ ignorée sauf pour indiquer qu'une fonction n'est pas __declspec(nothrow)
     1>c:\dev\aruco\include\aruco\marker.h(87): warning C4290: Spécification d'exception C++ ignorée sauf pour indiquer qu'une fonction n'est pas __declspec(nothrow)
     1>c:\dev\aruco\include\aruco\marker.h(99): warning C4290: Spécification d'exception C++ ignorée sauf pour indiquer qu'une fonction n'est pas __declspec(nothrow)
     1>c:\dev\aruco\include\aruco\markerdetector.h(86): warning C4290: Spécification d'exception C++ ignorée sauf pour indiquer qu'une fonction n'est pas __declspec(nothrow)
     1>c:\dev\aruco\include\aruco\markerdetector.h(98): warning C4290: Spécification d'exception C++ ignorée sauf pour indiquer qu'une fonction n'est pas __declspec(nothrow)
     1>c:\dev\aruco\include\aruco\markerdetector.h(175): warning C4290: Spécification d'exception C++ ignorée sauf pour indiquer qu'une fonction n'est pas __declspec(nothrow)
     1>c:\dev\aruco\include\aruco\markerdetector.h(210): warning C4290: Spécification d'exception C++ ignorée sauf pour indiquer qu'une fonction n'est pas __declspec(nothrow)
     1>c:\dev\aruco\include\aruco\markerdetector.h(252): warning C4290: Spécification d'exception C++ ignorée sauf pour indiquer qu'une fonction n'est pas __declspec(nothrow)
     1>c:\dev\aruco\include\aruco\markerdetector.h(270): warning C4290: Spécification d'exception C++ ignorée sauf pour indiquer qu'une fonction n'est pas __declspec(nothrow)
     1>c:\dev\aruco\include\aruco\markerdetector.h(295): warning C4290: Spécification d'exception C++ ignorée sauf pour indiquer qu'une fonction n'est pas __declspec(nothrow)
     1>c:\dev\aruco\include\aruco\markerdetector.h(298): warning C4290: Spécification d'exception C++ ignorée sauf pour indiquer qu'une fonction n'est pas __declspec(nothrow)
     1>c:\dev\aruco\include\aruco\board.h(86): warning C4290: Spécification d'exception C++ ignorée sauf pour indiquer qu'une fonction n'est pas __declspec(nothrow)
     1>c:\dev\aruco\include\aruco\board.h(97): warning C4290: Spécification d'exception C++ ignorée sauf pour indiquer qu'une fonction n'est pas __declspec(nothrow)
     1>c:\dev\aruco\include\aruco\board.h(100): warning C4290: Spécification d'exception C++ ignorée sauf pour indiquer qu'une fonction n'est pas __declspec(nothrow)
     1>c:\dev\aruco\include\aruco\board.h(112): warning C4290: Spécification d'exception C++ ignorée sauf pour indiquer qu'une fonction n'est pas __declspec(nothrow)
     1>c:\dev\aruco\include\aruco\board.h(120): warning C4290: Spécification d'exception C++ ignorée sauf pour indiquer qu'une fonction n'est pas __declspec(nothrow)
     1>c:\dev\aruco\include\aruco\board.h(123): warning C4290: Spécification d'exception C++ ignorée sauf pour indiquer qu'une fonction n'est pas __declspec(nothrow)
     1>c:\dev\aruco\include\aruco\board.h(146): warning C4290: Spécification d'exception C++ ignorée sauf pour indiquer qu'une fonction n'est pas __declspec(nothrow)
     1>c:\dev\aruco\include\aruco\board.h(158): warning C4290: Spécification d'exception C++ ignorée sauf pour indiquer qu'une fonction n'est pas __declspec(nothrow)
     1>c:\dev\aruco\include\aruco\board.h(163): warning C4290: Spécification d'exception C++ ignorée sauf pour indiquer qu'une fonction n'est pas __declspec(nothrow)
     1>c:\dev\aruco\include\aruco\board.h(166): warning C4290: Spécification d'exception C++ ignorée sauf pour indiquer qu'une fonction n'est pas __declspec(nothrow)
     1>c:\dev\aruco\include\aruco\boarddetector.h(81): warning C4290: Spécification d'exception C++ ignorée sauf pour indiquer qu'une fonction n'est pas __declspec(nothrow)
     1>c:\dev\aruco\include\aruco\boarddetector.h(107): warning C4290: Spécification d'exception C++ ignorée sauf pour indiquer qu'une fonction n'est pas __declspec(nothrow)
     1>c:\dev\aruco\include\aruco\boarddetector.h(109): warning C4290: Spécification d'exception C++ ignorée sauf pour indiquer qu'une fonction n'est pas __declspec(nothrow)
       Link:
         C:\Program Files (x86)\Microsoft Visual Studio 11.0\VC\bin\link.exe /ERRORREPORT:PROMPT /OUT:"Z:\Boulot\Vision\projet aruco 2\Debug\projet aruco 2.exe" /INCREMENTAL /NOLOGO /LIBPATH:C:\Dev\ArUco\x86\lib /LIBPATH:C:\Dev\OpenCV\x86\vc11\lib /LIBPATH:C:\Dev\OpenCV\x86\vc11\lib arucod.lib opencv_videoio300d.lib opencv_video300d.lib opencv_objdetect300d.lib opencv_features2d300d.lib opencv_imgproc300d.lib opencv_imgcodecs300d.lib opencv_highgui300d.lib opencv_core300d.lib opencv_calib3d300d.lib kernel32.lib user32.lib gdi32.lib winspool.lib comdlg32.lib advapi32.lib shell32.lib ole32.lib oleaut32.lib uuid.lib odbc32.lib odbccp32.lib opencv_videoio300d.lib opencv_video300d.lib opencv_objdetect300d.lib opencv_features2d300d.lib opencv_imgproc300d.lib opencv_imgcodecs300d.lib opencv_highgui300d.lib opencv_core300d.lib opencv_calib3d300d.lib kernel32.lib user32.lib gdi32.lib winspool.lib comdlg32.lib advapi32.lib shell32.lib ole32.lib oleaut32.lib uuid.lib odbc32.lib odbccp32.lib kernel32.lib user32.lib gdi32.lib winspool.lib comdlg32.lib advapi32.lib shell32.lib ole32.lib oleaut32.lib uuid.lib odbc32.lib odbccp32.lib /MANIFEST /MANIFESTUAC:"level='asInvoker' uiAccess='false'" /manifest:embed /DEBUG /PDB:"Z:\Boulot\Vision\projet aruco 2\Debug\projet aruco 2.pdb" /SUBSYSTEM:CONSOLE /TLBID:1 /DYNAMICBASE /NXCOMPAT /IMPLIB:"Z:\Boulot\Vision\projet aruco 2\Debug\projet aruco 2.lib" /MACHINE:X86 "Debug\ArUco-OpenGL.obj"
         Debug\main.obj
         projet aruco 2.vcxproj -> Z:\Boulot\Vision\projet aruco 2\Debug\projet aruco 2.exe
     1>Génération du projet "Z:\Boulot\Vision\projet aruco 2\projet aruco 2\projet aruco 2.vcxproj" terminée (Build cible(s)).

La génération a réussi.

Temps écoulé 00:00:01.26
